2022-02-24 09:35:00,133 [main ] INFO  Constant - Copying default configuration to /home/zap/.ZAP/config.xml
2022-02-24 09:35:00,414 [main ] INFO  Constant - Creating directory /home/zap/.ZAP/session
2022-02-24 09:35:00,414 [main ] INFO  Constant - Creating directory /home/zap/.ZAP/dirbuster
2022-02-24 09:35:00,415 [main ] INFO  Constant - Creating directory /home/zap/.ZAP/fuzzers
2022-02-24 09:35:00,415 [main ] INFO  Constant - Creating directory /home/zap/.ZAP/plugin
2022-02-24 09:35:00,534 [main ] INFO  GuiBootstrap - OWASP ZAP 2.11.1 started 24/02/2022, 09:35:00 with home /home/zap/.ZAP/
2022-02-24 09:35:00,654 [AWT-EventQueue-0] INFO  SSLConnector - Reading supported SSL/TLS protocols...
2022-02-24 09:35:00,655 [AWT-EventQueue-0] INFO  SSLConnector - Using a SSLEngine...
2022-02-24 09:35:00,814 [AWT-EventQueue-0] INFO  SSLConnector - Done reading supported SSL/TLS protocols: [SSLv2Hello, SSLv3, TLSv1, TLSv1.1, TLSv1.2, TLSv1.3]
2022-02-24 09:35:00,823 [AWT-EventQueue-0] INFO  OptionsParamCertificate - Unsafe SSL renegotiation disabled.
2022-02-24 09:35:01,706 [AWT-EventQueue-0] INFO  ENGINE - dataFileCache open start
2022-02-24 09:35:01,720 [AWT-EventQueue-0] INFO  ENGINE - dataFileCache commit start
2022-02-24 09:35:01,722 [AWT-EventQueue-0] INFO  ENGINE - dataFileCache commit end
2022-02-24 09:35:01,724 [AWT-EventQueue-0] INFO  ENGINE - dataFileCache open end
2022-02-24 09:35:02,537 [AWT-EventQueue-0] INFO  View - Initialising View
2022-02-24 09:35:04,280 [ZAP-BootstrapGUI] INFO  ExtensionFactory - Loading extensions
2022-02-24 09:35:06,869 [ZAP-BootstrapGUI] INFO  ExtensionFactory - Installed add-ons: [[id=alertFilters, version=13.0.0], [id=ascanrules, version=44.0.0], [id=automation, version=0.11.0], [id=bruteforce, version=11.0.0], [id=callhome, version=0.3.0], [id=commonlib, version=1.6.0], [id=diff, version=11.0.0], [id=directorylistv1, version=5.0.0], [id=domxss, version=12.0.0], [id=encoder, version=0.6.0], [id=exim, version=0.0.1], [id=formhandler, version=4.0.0], [id=fuzz, version=13.6.0], [id=gettingStarted, version=13.0.0], [id=graaljs, version=0.2.0], [id=graphql, version=0.7.0], [id=help, version=14.0.0], [id=hud, version=0.13.0], [id=importurls, version=9.0.0], [id=invoke, version=11.0.0], [id=network, version=0.0.1], [id=oast, version=0.9.0], [id=onlineMenu, version=9.0.0], [id=openapi, version=25.0.0], [id=pscanrules, version=38.0.0], [id=quickstart, version=33.0.0], [id=replacer, version=9.0.0], [id=reports, version=0.10.0], [id=retest, version=0.2.0], [id=retire, version=0.9.0], [id=reveal, version=4.0.0], [id=saverawmessage, version=7.0.0], [id=savexmlmessage, version=0.3.0], [id=scripts, version=29.0.0], [id=selenium, version=15.6.0], [id=soap, version=12.0.0], [id=spiderAjax, version=23.7.0], [id=tips, version=9.0.0], [id=webdriverlinux, version=35.0.0], [id=websocket, version=24.0.0], [id=zest, version=35.0.0]]
2022-02-24 09:35:07,281 [ZAP-BootstrapGUI] INFO  ExtensionFactory - Extensions loaded
2022-02-24 09:35:08,766 [ZAP-BootstrapGUI] INFO  ExtensionLoader - Initializing Allows ZAP to check for updates
2022-02-24 09:35:08,955 [ZAP-BootstrapGUI] INFO  ExtensionLoader - Initializing Options Extension
2022-02-24 09:35:09,816 [ZAP-BootstrapGUI] INFO  ExtensionLoader - Initializing Edit Menu Extension
2022-02-24 09:35:09,826 [ZAP-BootstrapGUI] INFO  ExtensionLoader - Initializing Provides a rest based API for controlling and accessing ZAP
2022-02-24 09:35:09,887 [ZAP-BootstrapGUI] INFO  ExtensionLoader - Initializing Session State Extension
2022-02-24 09:35:09,889 [ZAP-BootstrapGUI] INFO  ExtensionLoader - Initializing History Extension
2022-02-24 09:35:10,382 [ZAP-BootstrapGUI] INFO  ExtensionLoader - Initializing Show hidden fields and enable disabled fields
2022-02-24 09:35:10,393 [ZAP-BootstrapGUI] INFO  ExtensionLoader - Initializing Search messages for strings and regular expressions
2022-02-24 09:35:10,573 [ZAP-BootstrapGUI] INFO  ExtensionLoader - Initializing Allows you to intercept and modify requests and responses
2022-02-24 09:35:10,818 [ZAP-BootstrapGUI] INFO  ExtensionLoader - Initializing Passive scanner
2022-02-24 09:35:10,948 [ZAP-BootstrapGUI] INFO  ExtensionPassiveScan - loaded passive scan rule: Script Passive Scan Rules
2022-02-24 09:35:10,956 [ZAP-BootstrapGUI] INFO  ExtensionPassiveScan - loaded passive scan rule: Stats Passive Scan Rule
2022-02-24 09:35:10,965 [ZAP-BootstrapGUI] INFO  ExtensionPassiveScan - loaded passive scan rule: WSDL File Detection
2022-02-24 09:35:10,966 [ZAP-BootstrapGUI] INFO  ExtensionPassiveScan - loaded passive scan rule: Vulnerable JS Library
2022-02-24 09:35:10,973 [ZAP-BootstrapGUI] INFO  ExtensionPassiveScan - loaded passive scan rule: Anti-clickjacking Header
2022-02-24 09:35:10,974 [ZAP-BootstrapGUI] INFO  ExtensionPassiveScan - loaded passive scan rule: Application Error Disclosure
2022-02-24 09:35:10,976 [ZAP-BootstrapGUI] INFO  ExtensionPassiveScan - loaded passive scan rule: Incomplete or No Cache-control Header Set
2022-02-24 09:35:10,977 [ZAP-BootstrapGUI] INFO  ExtensionPassiveScan - loaded passive scan rule: Charset Mismatch
2022-02-24 09:35:11,001 [ZAP-BootstrapGUI] INFO  ExtensionPassiveScan - loaded passive scan rule: CSP
2022-02-24 09:35:11,004 [ZAP-BootstrapGUI] INFO  ExtensionPassiveScan - loaded passive scan rule: Content-Type Header Missing
2022-02-24 09:35:11,015 [ZAP-BootstrapGUI] INFO  ExtensionPassiveScan - loaded passive scan rule: Cookie No HttpOnly Flag
2022-02-24 09:35:11,017 [ZAP-BootstrapGUI] INFO  ExtensionPassiveScan - loaded passive scan rule: Loosely Scoped Cookie
2022-02-24 09:35:11,022 [ZAP-BootstrapGUI] INFO  ExtensionPassiveScan - loaded passive scan rule: Cookie without SameSite Attribute
2022-02-24 09:35:11,025 [ZAP-BootstrapGUI] INFO  ExtensionPassiveScan - loaded passive scan rule: Cookie Without Secure Flag
2022-02-24 09:35:11,027 [ZAP-BootstrapGUI] INFO  ExtensionPassiveScan - loaded passive scan rule: Cross-Domain Misconfiguration
2022-02-24 09:35:11,028 [ZAP-BootstrapGUI] INFO  ExtensionPassiveScan - loaded passive scan rule: Cross-Domain JavaScript Source File Inclusion
2022-02-24 09:35:11,029 [ZAP-BootstrapGUI] INFO  ExtensionPassiveScan - loaded passive scan rule: Absence of Anti-CSRF Tokens
2022-02-24 09:35:11,030 [ZAP-BootstrapGUI] INFO  ExtensionPassiveScan - loaded passive scan rule: Private IP Disclosure
2022-02-24 09:35:11,032 [ZAP-BootstrapGUI] INFO  ExtensionPassiveScan - loaded passive scan rule: Session ID in URL Rewrite
2022-02-24 09:35:11,039 [ZAP-BootstrapGUI] INFO  ExtensionPassiveScan - loaded passive scan rule: Information Disclosure - Debug Error Messages
2022-02-24 09:35:11,041 [ZAP-BootstrapGUI] INFO  ExtensionPassiveScan - loaded passive scan rule: Information Disclosure - Sensitive Information in URL
2022-02-24 09:35:11,044 [ZAP-BootstrapGUI] INFO  ExtensionPassiveScan - loaded passive scan rule: Information Disclosure - Sensitive Information in HTTP Referrer Header
2022-02-24 09:35:11,046 [ZAP-BootstrapGUI] INFO  ExtensionPassiveScan - loaded passive scan rule: Information Disclosure - Suspicious Comments
2022-02-24 09:35:11,048 [ZAP-BootstrapGUI] INFO  ExtensionPassiveScan - loaded passive scan rule: Weak Authentication Method
2022-02-24 09:35:11,052 [ZAP-BootstrapGUI] INFO  ExtensionPassiveScan - loaded passive scan rule: Insecure JSF ViewState
2022-02-24 09:35:11,053 [ZAP-BootstrapGUI] INFO  ExtensionPassiveScan - loaded passive scan rule: Secure Pages Include Mixed Content
2022-02-24 09:35:11,054 [ZAP-BootstrapGUI] INFO  ExtensionPassiveScan - loaded passive scan rule: Timestamp Disclosure
2022-02-24 09:35:11,055 [ZAP-BootstrapGUI] INFO  ExtensionPassiveScan - loaded passive scan rule: Username Hash Found
2022-02-24 09:35:11,059 [ZAP-BootstrapGUI] INFO  ExtensionPassiveScan - loaded passive scan rule: Viewstate
2022-02-24 09:35:11,062 [ZAP-BootstrapGUI] INFO  ExtensionPassiveScan - loaded passive scan rule: X-AspNet-Version Response Header
2022-02-24 09:35:11,065 [ZAP-BootstrapGUI] INFO  ExtensionPassiveScan - loaded passive scan rule: X-Content-Type-Options Header Missing
2022-02-24 09:35:11,068 [ZAP-BootstrapGUI] INFO  ExtensionPassiveScan - loaded passive scan rule: X-Debug-Token Information Leak
2022-02-24 09:35:11,071 [ZAP-BootstrapGUI] INFO  ExtensionPassiveScan - loaded passive scan rule: Server Leaks Information via "X-Powered-By" HTTP Response Header Field(s)
2022-02-24 09:35:11,139 [ZAP-BootstrapGUI] INFO  ExtensionLoader - Initializing Allows you to view and manage alerts
2022-02-24 09:35:11,777 [ZAP-BootstrapGUI] INFO  ExtensionLoader - Initializing Active scanner, heavily based on the original Paros active scanner, but with additional tests added
2022-02-24 09:35:11,955 [ZAP-BootstrapGUI] INFO  ExtensionLoader - Initializing Spider used for automatically finding URIs on a site
2022-02-24 09:35:12,150 [ZAP-BootstrapGUI] INFO  ExtensionLoader - Initializing A set of common popup menus for miscellaneous tasks
2022-02-24 09:35:12,178 [ZAP-BootstrapGUI] INFO  ExtensionLoader - Initializing Forced browsing of files and directories using code from the OWASP DirBuster tool
2022-02-24 09:35:12,275 [ZAP-BootstrapGUI] INFO  ExtensionLoader - Initializing Manual Request Editor Extension
2022-02-24 09:35:12,281 [ZAP-BootstrapGUI] INFO  ExtensionLoader - Initializing Compares 2 sessions and generates an HTML file showing the differences
2022-02-24 09:35:12,285 [ZAP-BootstrapGUI] INFO  ExtensionLoader - Initializing Invoke external applications passing context related information such as URLs and parameters
2022-02-24 09:35:12,319 [ZAP-BootstrapGUI] INFO  ExtensionLoader - Initializing Handles anti cross site request forgery (CSRF) tokens
2022-02-24 09:35:12,360 [ZAP-BootstrapGUI] INFO  ExtensionLoader - Initializing Authentication Extension
2022-02-24 09:35:12,426 [ZAP-BootstrapGUI] INFO  ExtensionAuthentication - Loaded authentication method types: [Form-based Authentication, HTTP/NTLM Authentication, Manual Authentication, Script-based Authentication, JSON-based Authentication]
2022-02-24 09:35:12,439 [ZAP-BootstrapGUI] INFO  ExtensionLoader - Initializing Creates a dynamic SSL certificate to allow SSL communications to be intercepted without warnings being generated by the browser
2022-02-24 09:35:12,460 [ZAP-BootstrapGUI] INFO  ExtensionLoader - Initializing Logs errors to the Output tab in development mode only
2022-02-24 09:35:12,462 [ZAP-BootstrapGUI] INFO  ExtensionLoader - Initializing Users Extension
2022-02-24 09:35:12,470 [ZAP-BootstrapGUI] INFO  ExtensionLoader - Initializing Summarise and analyse FORM and URL parameters as well as cookies
2022-02-24 09:35:12,495 [ZAP-BootstrapGUI] INFO  ExtensionLoader - Initializing Script integration
2022-02-24 09:35:12,546 [ZAP-BootstrapGUI] INFO  ExtensionLoader - Initializing Scripting console, supports all JSR 223 scripting languages
2022-02-24 09:35:13,212 [ZAP-BootstrapGUI] INFO  ExtensionLoader - Initializing Forced User Extension
2022-02-24 09:35:13,245 [ZAP-BootstrapGUI] INFO  ExtensionLoader - Initializing Extension handling HTTP sessions
2022-02-24 09:35:13,354 [ZAP-BootstrapGUI] INFO  ExtensionLoader - Initializing Zest is a specialized scripting language, originally, from Mozilla specifically designed to be used in security tools
2022-02-24 09:35:13,978 [ZAP-BootstrapGUI] INFO  ExtensionLoader - Initializing ExtensionDiff
2022-02-24 09:35:13,982 [ZAP-BootstrapGUI] INFO  ExtensionLoader - Initializing HTTP Panel Post Table View Extension
2022-02-24 09:35:13,996 [ZAP-BootstrapGUI] INFO  ExtensionLoader - Initializing Adds support for scriptable encoders to ZAP.
2022-02-24 09:35:14,088 [ZAP-BootstrapGUI] INFO  ExtensionLoader - Initializing Session Management Extension
2022-02-24 09:35:14,103 [ZAP-BootstrapGUI] INFO  ExtensionSessionManagement - Loaded session management method types: [Cookie-based Session Management, HTTP Authentication Session Management, Script-based Session Management]
2022-02-24 09:35:14,110 [ZAP-BootstrapGUI] INFO  ExtensionLoader - Initializing HTTP Panel Form Table View Extension
2022-02-24 09:35:14,146 [ZAP-BootstrapGUI] INFO  ExtensionLoader - Initializing Capture messages from WebSockets with the ability to set breakpoints.
2022-02-24 09:35:14,710 [ZAP-BootstrapGUI] INFO  ExtensionLoader - Initializing Allows you to import a file containing URLs which ZAP will access, adding them to the Sites tree
2022-02-24 09:35:14,727 [ZAP-BootstrapGUI] INFO  ExtensionLoader - Initializing Allows you to import a WSDL file containing operations which ZAP will access, adding them to the Sites tree.
2022-02-24 09:35:14,736 [ZAP-BootstrapGUI] INFO  ExtensionLoader - Initializing Core UI related functionality.
2022-02-24 09:35:14,739 [ZAP-BootstrapGUI] INFO  ExtensionLoader - Initializing Authorization Extension
2022-02-24 09:35:14,744 [ZAP-BootstrapGUI] INFO  ExtensionLoader - Initializing AJAX Spider, uses Crawljax
2022-02-24 09:35:14,876 [ZAP-BootstrapGUI] INFO  ExtensionLoader - Initializing Provides WebDrivers to control several browsers using Selenium and includes HtmlUnit browser.
2022-02-24 09:35:14,909 [ZAP-BootstrapGUI] INFO  ExtensionLoader - Initializing Manages the local proxy configurations
2022-02-24 09:35:14,949 [ZAP-BootstrapGUI] INFO  ExtensionLoader - Initializing Handles adding Global Excluded URLs
2022-02-24 09:35:14,973 [ZAP-BootstrapGUI] INFO  ExtensionLoader - Initializing Adds menu item to refresh the Sites tree
2022-02-24 09:35:14,979 [ZAP-BootstrapGUI] INFO  ExtensionLoader - Initializing OWASP ZAP User Guide
2022-02-24 09:35:15,493 [ZAP-BootstrapGUI] INFO  ExtensionLoader - Initializing Allows you to configure which extensions are loaded when ZAP starts
2022-02-24 09:35:15,757 [ZAP-BootstrapGUI] INFO  ExtensionLoader - Initializing Combined HTTP Panels Extension
2022-02-24 09:35:15,899 [ZAP-BootstrapGUI] INFO  ExtensionLoader - Initializing HTTP Panel Hex View Extension
2022-02-24 09:35:15,963 [ZAP-BootstrapGUI] INFO  ExtensionLoader - Initializing HTTP Panel Image View Extension
2022-02-24 09:35:15,972 [ZAP-BootstrapGUI] INFO  ExtensionLoader - Initializing HTTP Panel Large Request View Extension
2022-02-24 09:35:15,999 [ZAP-BootstrapGUI] INFO  ExtensionLoader - Initializing HTTP Panel Large Response View Extension
2022-02-24 09:35:16,013 [ZAP-BootstrapGUI] INFO  ExtensionLoader - Initializing HTTP Panel Query Table View Extension
2022-02-24 09:35:16,064 [ZAP-BootstrapGUI] INFO  ExtensionLoader - Initializing HTTP Panel Syntax Highlighter View Extension
2022-02-24 09:35:16,322 [ZAP-BootstrapGUI] INFO  ExtensionLoader - Initializing Adds support for configurable keyboard shortcuts for all of the ZAP menus.
2022-02-24 09:35:16,343 [ZAP-BootstrapGUI] INFO  ExtensionLoader - Initializing Active and passive rule configuration
2022-02-24 09:35:16,361 [ZAP-BootstrapGUI] INFO  ExtensionLoader - Initializing Statistics
2022-02-24 09:35:16,388 [ZAP-BootstrapGUI] INFO  ExtensionStats - Start recording in memory stats
2022-02-24 09:35:16,399 [ZAP-BootstrapGUI] INFO  ExtensionLoader - Initializing Custom Pages Definition
2022-02-24 09:35:16,412 [ZAP-BootstrapGUI] INFO  ExtensionLoader - Initializing Ajax Spider Automation Framework Integration
2022-02-24 09:35:16,422 [ZAP-BootstrapGUI] INFO  ExtensionLoader - Initializing The Retest add-on allows to verify the presence/absence of certain alerts.
2022-02-24 09:35:16,426 [ZAP-BootstrapGUI] INFO  ExtensionLoader - Initializing Provides core networking capabilities.
2022-02-24 09:35:16,428 [ZAP-BootstrapGUI] INFO  ExtensionLoader - Initializing Context alert rules filter
2022-02-24 09:35:16,451 [ZAP-BootstrapGUI] INFO  ExtensionLoader - Initializing Alert Filters Automation Framework Integration
2022-02-24 09:35:16,456 [ZAP-BootstrapGUI] INFO  ExtensionLoader - Initializing ExtensionOast
2022-02-24 09:35:16,609 [ZAP-BootstrapGUI] INFO  ExtensionLoader - Initializing Adds OAST scripts.
2022-02-24 09:35:16,611 [ZAP-BootstrapGUI] INFO  ExtensionLoader - Initializing Provides the GraalVM JavaScript engine for ZAP scripting.
2022-02-24 09:35:17,232 [ZAP-BootstrapGUI] INFO  ExtensionLoader - Initializing The Online menu links
2022-02-24 09:35:17,264 [ZAP-BootstrapGUI] INFO  ExtensionLoader - Initializing Import and Export functionality supporting multiple formats.
2022-02-24 09:35:17,284 [ZAP-BootstrapGUI] INFO  ExtensionLoader - Initializing Allows you to spider and import OpenAPI (Swagger) definitions 
2022-02-24 09:35:17,308 [ZAP-BootstrapGUI] INFO  ExtensionLoader - Initializing OpenAPI Automation Framework Integration
2022-02-24 09:35:17,333 [ZAP-BootstrapGUI] INFO  ExtensionLoader - Initializing Handles all of the calls to ZAP services
2022-02-24 09:35:17,338 [ZAP-BootstrapGUI] INFO  ExtensionLoader - Initializing ExtensionSaveRawHttpMessage
2022-02-24 09:35:17,340 [ZAP-BootstrapGUI] INFO  ExtensionLoader - Initializing ExtensionSaveXMLHttpMessage
2022-02-24 09:35:17,343 [ZAP-BootstrapGUI] INFO  ExtensionLoader - Initializing Easy way to replace strings in requests and responses
2022-02-24 09:35:17,360 [ZAP-BootstrapGUI] INFO  ExtensionLoader - Initializing DOM XSS Active Scan Rule
2022-02-24 09:35:17,398 [ZAP-BootstrapGUI] INFO  ExtensionLoader - Initializing Tips and Tricks
2022-02-24 09:35:17,400 [ZAP-BootstrapGUI] INFO  ExtensionLoader - Initializing SOAP Automation Framework Integration
2022-02-24 09:35:17,406 [ZAP-BootstrapGUI] INFO  ExtensionLoader - Initializing Adds the Quick Start panel for scanning and exploring applications
2022-02-24 09:35:17,689 [ZAP-BootstrapGUI] INFO  ExtensionLoader - Initializing Add the option to use the Ajax Spider in the Quick Start scan
2022-02-24 09:35:17,717 [ZAP-BootstrapGUI] INFO  ExtensionLoader - Initializing Launch browsers proxying through ZAP
2022-02-24 09:35:17,719 [ZAP-BootstrapGUI] INFO  ExtensionLoader - Initializing Launch browsers proxying through ZAP
2022-02-24 09:35:17,892 [ZAP-BootstrapGUI] INFO  ExtensionLoader - Initializing This extension allows a user to change the default values used by ZAP Spiders.
2022-02-24 09:35:17,939 [ZAP-BootstrapGUI] INFO  ExtensionLoader - Initializing Report Generation
2022-02-24 09:35:17,946 [ZAP-BootstrapGUI] INFO  ExtensionLoader - Initializing Report Generation Automation Integration
2022-02-24 09:35:17,958 [ZAP-BootstrapGUI] INFO  ExtensionLoader - Initializing Allows to fuzz WebSocket messages.
2022-02-24 09:35:17,959 [ZAP-BootstrapGUI] INFO  ExtensionLoader - Initializing Passive Scan Rules
2022-02-24 09:35:17,960 [ZAP-BootstrapGUI] INFO  ExtensionLoader - Initializing Heads Up Display
2022-02-24 09:35:18,098 [ZAP-BootstrapGUI] INFO  ExtensionLoader - Initializing ExtensionHUDlaunch
2022-02-24 09:35:18,100 [ZAP-BootstrapGUI] INFO  ExtensionLoader - Initializing Provides the foundation for concrete message types (for example, HTTP, WebSockets) expose fuzzer implementations.
2022-02-24 09:35:18,121 [ZAP-BootstrapGUI] INFO  ExtensionLoader - Initializing Allows to fuzz HTTP messages.
2022-02-24 09:35:18,263 [ZAP-BootstrapGUI] INFO  ExtensionLoader - Initializing The ZAP Getting Started Guide
2022-02-24 09:35:18,267 [ZAP-BootstrapGUI] INFO  ExtensionLoader - Initializing Automation Framework
2022-02-24 09:35:18,462 [ZAP-BootstrapGUI] INFO  ExtensionLoader - Initializing Allows you to inspect and attack GraphQL endpoints.
2022-02-24 09:35:18,540 [ZAP-BootstrapGUI] INFO  ExtensionLoader - Initializing GraphQL Automation Framework Integration
2022-02-24 09:35:18,570 [ZAP-BootstrapGUI] INFO  ExtensionLoader - Initializing Active Scan Rules
2022-02-24 09:35:18,723 [ZAP-BootstrapGUI] INFO  ExtensionKeyboard - Initializing keyboard shortcuts
2022-02-24 09:35:18,736 [ZAP-BootstrapGUI] INFO  CallbackService - Started callback service on 0.0.0.0:35291
2022-02-24 09:35:18,798 [ZAP-BootstrapGUI] INFO  ExtensionDynSSL - Creating new root CA certificate
2022-02-24 09:35:45,631 [ZAP-BootstrapGUI] INFO  ExtensionDynSSL - New root CA certificate created
2022-02-24 09:36:02,774 [AWT-EventQueue-0] INFO  Control - New Session
2022-02-24 09:36:02,805 [AWT-EventQueue-0] INFO  Control - Create and Open Untitled Db
2022-02-24 09:36:02,817 [AWT-EventQueue-0] INFO  ENGINE - dataFileCache commit start
2022-02-24 09:36:02,819 [AWT-EventQueue-0] INFO  ENGINE - dataFileCache commit end
2022-02-24 09:36:02,823 [AWT-EventQueue-0] INFO  ENGINE - Database closed
2022-02-24 09:36:03,053 [AWT-EventQueue-0] INFO  ENGINE - dataFileCache open start
2022-02-24 09:36:03,061 [AWT-EventQueue-0] INFO  ENGINE - dataFileCache commit start
2022-02-24 09:36:03,064 [AWT-EventQueue-0] INFO  ENGINE - dataFileCache commit end
2022-02-24 09:36:03,065 [AWT-EventQueue-0] INFO  ENGINE - dataFileCache open end
2022-02-24 09:36:03,487 [Thread-13] INFO  ENGINE - dataFileCache commit start
2022-02-24 09:36:03,507 [Thread-13] INFO  ENGINE - dataFileCache commit end
2022-02-24 09:36:03,513 [Thread-13] INFO  ENGINE - Database closed
2022-02-24 09:36:03,698 [Thread-13] INFO  ENGINE - dataFileCache open start
2022-02-24 09:36:03,709 [Thread-13] INFO  ENGINE - dataFileCache open end
2022-02-24 09:36:05,282 [ZAP-cfu] INFO  ExtensionAutoUpdate - There is/are 10 newer addons
2022-02-24 09:36:36,718 [ZAP-DownloadInstaller] INFO  ExtensionAutoUpdate - Installing new addon commonlib v1.7.0
2022-02-24 09:36:36,782 [ZAP-DownloadInstaller] INFO  ExtensionPassiveScan - loaded passive scan rule: WSDL File Detection
2022-02-24 09:36:36,791 [ZAP-DownloadInstaller] ERROR I18N - Adding message bundle with duplicate prefix: retire
2022-02-24 09:36:36,794 [ZAP-DownloadInstaller] INFO  ExtensionPassiveScan - loaded passive scan rule: Vulnerable JS Library
2022-02-24 09:36:36,828 [ZAP-DownloadInstaller] INFO  ExtensionPassiveScan - loaded passive scan rule: Anti-clickjacking Header
2022-02-24 09:36:36,828 [ZAP-DownloadInstaller] INFO  ExtensionPassiveScan - loaded passive scan rule: Application Error Disclosure
2022-02-24 09:36:36,828 [ZAP-DownloadInstaller] INFO  ExtensionPassiveScan - loaded passive scan rule: Incomplete or No Cache-control Header Set
2022-02-24 09:36:36,830 [ZAP-DownloadInstaller] INFO  ExtensionPassiveScan - loaded passive scan rule: Charset Mismatch
2022-02-24 09:36:36,830 [ZAP-DownloadInstaller] INFO  ExtensionPassiveScan - loaded passive scan rule: CSP
2022-02-24 09:36:36,830 [ZAP-DownloadInstaller] INFO  ExtensionPassiveScan - loaded passive scan rule: Content-Type Header Missing
2022-02-24 09:36:36,831 [ZAP-DownloadInstaller] INFO  ExtensionPassiveScan - loaded passive scan rule: Cookie No HttpOnly Flag
2022-02-24 09:36:36,831 [ZAP-DownloadInstaller] INFO  ExtensionPassiveScan - loaded passive scan rule: Loosely Scoped Cookie
2022-02-24 09:36:36,832 [ZAP-DownloadInstaller] INFO  ExtensionPassiveScan - loaded passive scan rule: Cookie without SameSite Attribute
2022-02-24 09:36:36,832 [ZAP-DownloadInstaller] INFO  ExtensionPassiveScan - loaded passive scan rule: Cookie Without Secure Flag
2022-02-24 09:36:36,832 [ZAP-DownloadInstaller] INFO  ExtensionPassiveScan - loaded passive scan rule: Cross-Domain Misconfiguration
2022-02-24 09:36:36,833 [ZAP-DownloadInstaller] INFO  ExtensionPassiveScan - loaded passive scan rule: Cross-Domain JavaScript Source File Inclusion
2022-02-24 09:36:36,834 [ZAP-DownloadInstaller] INFO  ExtensionPassiveScan - loaded passive scan rule: Absence of Anti-CSRF Tokens
2022-02-24 09:36:36,834 [ZAP-DownloadInstaller] INFO  ExtensionPassiveScan - loaded passive scan rule: Private IP Disclosure
2022-02-24 09:36:36,835 [ZAP-DownloadInstaller] INFO  ExtensionPassiveScan - loaded passive scan rule: Session ID in URL Rewrite
2022-02-24 09:36:36,835 [ZAP-DownloadInstaller] INFO  ExtensionPassiveScan - loaded passive scan rule: Information Disclosure - Debug Error Messages
2022-02-24 09:36:36,836 [ZAP-DownloadInstaller] INFO  ExtensionPassiveScan - loaded passive scan rule: Information Disclosure - Sensitive Information in URL
2022-02-24 09:36:36,838 [ZAP-DownloadInstaller] INFO  ExtensionPassiveScan - loaded passive scan rule: Information Disclosure - Sensitive Information in HTTP Referrer Header
2022-02-24 09:36:36,839 [ZAP-DownloadInstaller] INFO  ExtensionPassiveScan - loaded passive scan rule: Information Disclosure - Suspicious Comments
2022-02-24 09:36:36,839 [ZAP-DownloadInstaller] INFO  ExtensionPassiveScan - loaded passive scan rule: Weak Authentication Method
2022-02-24 09:36:36,841 [ZAP-DownloadInstaller] INFO  ExtensionPassiveScan - loaded passive scan rule: Insecure JSF ViewState
2022-02-24 09:36:36,843 [ZAP-DownloadInstaller] INFO  ExtensionPassiveScan - loaded passive scan rule: Secure Pages Include Mixed Content
2022-02-24 09:36:36,844 [ZAP-DownloadInstaller] INFO  ExtensionPassiveScan - loaded passive scan rule: Timestamp Disclosure
2022-02-24 09:36:36,844 [ZAP-DownloadInstaller] INFO  ExtensionPassiveScan - loaded passive scan rule: Username Hash Found
2022-02-24 09:36:36,845 [ZAP-DownloadInstaller] INFO  ExtensionPassiveScan - loaded passive scan rule: Viewstate
2022-02-24 09:36:36,846 [ZAP-DownloadInstaller] INFO  ExtensionPassiveScan - loaded passive scan rule: X-AspNet-Version Response Header
2022-02-24 09:36:36,846 [ZAP-DownloadInstaller] INFO  ExtensionPassiveScan - loaded passive scan rule: X-Content-Type-Options Header Missing
2022-02-24 09:36:36,847 [ZAP-DownloadInstaller] INFO  ExtensionPassiveScan - loaded passive scan rule: X-Debug-Token Information Leak
2022-02-24 09:36:36,848 [ZAP-DownloadInstaller] INFO  ExtensionPassiveScan - loaded passive scan rule: Server Leaks Information via "X-Powered-By" HTTP Response Header Field(s)
2022-02-24 09:36:36,882 [ZAP-DownloadInstaller] INFO  ExtensionAutoUpdate - Finished installing new addon commonlib v1.7.0
2022-02-24 09:36:37,241 [ZAP-DownloadInstaller] INFO  ExtensionAutoUpdate - Installing new addon reports v0.12.0
2022-02-24 09:36:37,601 [ZAP-DownloadInstaller] INFO  ExtensionAutoUpdate - Finished installing new addon reports v0.12.0
2022-02-24 09:36:37,619 [ZAP-DownloadInstaller] INFO  ExtensionAutoUpdate - Installing new addon custompayloads v0.11.0
2022-02-24 09:36:37,666 [ZAP-DownloadInstaller] INFO  ExtensionAutoUpdate - Finished installing new addon custompayloads v0.11.0
2022-02-24 09:36:37,831 [ZAP-DownloadInstaller] INFO  ExtensionAutoUpdate - Installing new addon openapi v26.0.0
2022-02-24 09:36:37,899 [ZAP-DownloadInstaller] INFO  ExtensionAutoUpdate - Finished installing new addon openapi v26.0.0
2022-02-24 09:36:38,220 [ZAP-DownloadInstaller] INFO  ExtensionAutoUpdate - Installing new addon selenium v15.7.0
2022-02-24 09:36:38,742 [ZAP-DownloadInstaller] INFO  ExtensionAutoUpdate - Finished installing new addon selenium v15.7.0
2022-02-24 09:36:38,868 [ZAP-DownloadInstaller] INFO  ExtensionAutoUpdate - Installing new addon automation v0.12.0
2022-02-24 09:36:38,985 [ZAP-DownloadInstaller] INFO  ExtensionAutoUpdate - Finished installing new addon automation v0.12.0
2022-02-24 09:36:39,094 [ZAP-DownloadInstaller] INFO  ExtensionAutoUpdate - Installing new addon graphql v0.8.0
2022-02-24 09:36:39,149 [ZAP-DownloadInstaller] INFO  ExtensionAutoUpdate - Finished installing new addon graphql v0.8.0
2022-02-24 09:36:39,579 [ZAP-DownloadInstaller] INFO  ExtensionAutoUpdate - Installing new addon network v0.1.0
2022-02-24 09:36:39,676 [ZAP-DownloadInstaller] INFO  TlsUtils - Using supported SSL/TLS protocols: [TLSv1.2, TLSv1.3]
2022-02-24 09:36:39,856 [ZAP-DownloadInstaller] INFO  CallbackService - Started callback service on 0.0.0.0:46175
2022-02-24 09:36:40,198 [ZAP-DownloadInstaller] INFO  ExtensionAutoUpdate - Finished installing new addon network v0.1.0
2022-02-24 09:36:40,351 [ZAP-DownloadInstaller] INFO  ExtensionAutoUpdate - Installing new addon retire v0.10.0
2022-02-24 09:36:40,360 [ZAP-DownloadInstaller] INFO  ExtensionPassiveScan - loaded passive scan rule: Vulnerable JS Library
2022-02-24 09:36:40,366 [ZAP-DownloadInstaller] INFO  ExtensionAutoUpdate - Finished installing new addon retire v0.10.0
2022-02-24 09:36:40,555 [ZAP-DownloadInstaller] INFO  ExtensionAutoUpdate - Installing new addon oast v0.10.0
2022-02-24 09:36:41,064 [ZAP-DownloadInstaller] INFO  CallbackService - Started callback service on 0.0.0.0:40781
2022-02-24 09:36:41,082 [ZAP-DownloadInstaller] INFO  ExtensionAutoUpdate - Finished installing new addon oast v0.10.0
2022-02-24 09:36:41,477 [ZAP-DownloadInstaller] INFO  ExtensionAutoUpdate - Installing new addon soap v13.0.0
2022-02-24 09:36:41,553 [ZAP-DownloadInstaller] INFO  ExtensionPassiveScan - loaded passive scan rule: WSDL File Detection
2022-02-24 09:36:41,568 [ZAP-DownloadInstaller] INFO  ExtensionAutoUpdate - Finished installing new addon soap v13.0.0
2022-02-24 10:01:00,778 [ZAP-SpiderInitThread-0] INFO  SpiderThread - Starting spidering scan on http://18.132.17.40:31833 at 2022-02-24T10:01:00.777+0000
2022-02-24 10:01:00,791 [ZAP-SpiderInitThread-0] INFO  Spider - Spider initializing...
2022-02-24 10:01:00,943 [ZAP-SpiderInitThread-0] INFO  Spider - Starting spider...
2022-02-24 10:01:03,541 [ZAP-SpiderThreadPool-0-thread-2] INFO  Spider - Spidering process is complete. Shutting down...
2022-02-24 10:01:03,555 [ZAP-SpiderShutdownThread-0] INFO  SpiderThread - Spider scanning complete: true on http://18.132.17.40:31833 at 2022-02-24T10:01:03.555+0000
2022-02-24 10:01:05,804 [ZAP-QuickStart-AttackThread] INFO  Scanner - scanner started
2022-02-24 10:01:06,840 [Thread-34] INFO  HostProcess - Scanning 13 node(s) from http://18.132.17.40:31833
2022-02-24 10:01:06,843 [Thread-34] INFO  HostProcess - start host http://18.132.17.40:31833 | PathTraversalScanRule strength MEDIUM threshold MEDIUM
2022-02-24 10:01:09,553 [Thread-34] INFO  HostProcess - completed host/plugin http://18.132.17.40:31833 | PathTraversalScanRule in 2.711s with 0 message(s) sent and 0 alert(s) raised.
2022-02-24 10:01:09,553 [Thread-34] INFO  HostProcess - start host http://18.132.17.40:31833 | RemoteFileIncludeScanRule strength MEDIUM threshold MEDIUM
2022-02-24 10:01:11,034 [Thread-34] INFO  HostProcess - completed host/plugin http://18.132.17.40:31833 | RemoteFileIncludeScanRule in 1.481s with 0 message(s) sent and 0 alert(s) raised.
2022-02-24 10:01:11,035 [Thread-34] INFO  HostProcess - start host http://18.132.17.40:31833 | SourceCodeDisclosureWebInfScanRule strength MEDIUM threshold MEDIUM
2022-02-24 10:01:11,044 [Thread-34] INFO  HostProcess - start host http://18.132.17.40:31833 | ExternalRedirectScanRule strength MEDIUM threshold MEDIUM
2022-02-24 10:01:21,765 [ZAP-ActiveScanner-0] INFO  HostProcess - completed host/plugin http://18.132.17.40:31833 | SourceCodeDisclosureWebInfScanRule in 10.729s with 76 message(s) sent and 0 alert(s) raised.
2022-02-24 10:01:21,766 [Thread-34] INFO  HostProcess - completed host/plugin http://18.132.17.40:31833 | ExternalRedirectScanRule in 10.723s with 0 message(s) sent and 0 alert(s) raised.
2022-02-24 10:01:21,767 [Thread-34] INFO  HostProcess - start host http://18.132.17.40:31833 | ServerSideIncludeScanRule strength MEDIUM threshold MEDIUM
2022-02-24 10:01:23,218 [Thread-34] INFO  HostProcess - completed host/plugin http://18.132.17.40:31833 | ServerSideIncludeScanRule in 1.452s with 0 message(s) sent and 0 alert(s) raised.
2022-02-24 10:01:23,219 [Thread-34] INFO  HostProcess - start host http://18.132.17.40:31833 | CrossSiteScriptingScanRule strength MEDIUM threshold MEDIUM
2022-02-24 10:01:24,785 [Thread-34] INFO  HostProcess - completed host/plugin http://18.132.17.40:31833 | CrossSiteScriptingScanRule in 1.566s with 0 message(s) sent and 0 alert(s) raised.
2022-02-24 10:01:24,785 [Thread-34] INFO  HostProcess - start host http://18.132.17.40:31833 | PersistentXssPrimeScanRule strength MEDIUM threshold MEDIUM
2022-02-24 10:01:26,294 [Thread-34] INFO  HostProcess - completed host/plugin http://18.132.17.40:31833 | PersistentXssPrimeScanRule in 1.509s with 0 message(s) sent and 0 alert(s) raised.
2022-02-24 10:01:26,295 [Thread-34] INFO  HostProcess - start host http://18.132.17.40:31833 | PersistentXssSpiderScanRule strength MEDIUM threshold MEDIUM
2022-02-24 10:01:29,415 [Thread-34] INFO  HostProcess - completed host/plugin http://18.132.17.40:31833 | PersistentXssSpiderScanRule in 3.12s with 13 message(s) sent and 0 alert(s) raised.
2022-02-24 10:01:29,416 [Thread-34] INFO  HostProcess - start host http://18.132.17.40:31833 | PersistentXssScanRule strength MEDIUM threshold MEDIUM
2022-02-24 10:01:30,911 [Thread-34] INFO  HostProcess - completed host/plugin http://18.132.17.40:31833 | PersistentXssScanRule in 1.495s with 0 message(s) sent and 0 alert(s) raised.
2022-02-24 10:01:30,912 [Thread-34] INFO  HostProcess - start host http://18.132.17.40:31833 | SqlInjectionScanRule strength MEDIUM threshold MEDIUM
2022-02-24 10:01:32,762 [Thread-34] INFO  HostProcess - completed host/plugin http://18.132.17.40:31833 | SqlInjectionScanRule in 1.849s with 0 message(s) sent and 0 alert(s) raised.
2022-02-24 10:01:32,762 [Thread-34] INFO  HostProcess - start host http://18.132.17.40:31833 | CodeInjectionScanRule strength MEDIUM threshold MEDIUM
2022-02-24 10:01:34,230 [Thread-34] INFO  HostProcess - completed host/plugin http://18.132.17.40:31833 | CodeInjectionScanRule in 1.468s with 0 message(s) sent and 0 alert(s) raised.
2022-02-24 10:01:34,231 [Thread-34] INFO  HostProcess - start host http://18.132.17.40:31833 | CommandInjectionScanRule strength MEDIUM threshold MEDIUM
2022-02-24 10:01:35,957 [Thread-34] INFO  HostProcess - completed host/plugin http://18.132.17.40:31833 | CommandInjectionScanRule in 1.727s with 0 message(s) sent and 0 alert(s) raised.
2022-02-24 10:01:35,981 [Thread-34] INFO  HostProcess - start host http://18.132.17.40:31833 | DirectoryBrowsingScanRule strength MEDIUM threshold MEDIUM
2022-02-24 10:01:37,653 [Thread-34] INFO  HostProcess - completed host/plugin http://18.132.17.40:31833 | DirectoryBrowsingScanRule in 1.695s with 13 message(s) sent and 0 alert(s) raised.
2022-02-24 10:01:37,653 [Thread-34] INFO  HostProcess - start host http://18.132.17.40:31833 | BufferOverflowScanRule strength MEDIUM threshold MEDIUM
2022-02-24 10:01:39,154 [Thread-34] INFO  HostProcess - completed host/plugin http://18.132.17.40:31833 | BufferOverflowScanRule in 1.501s with 0 message(s) sent and 0 alert(s) raised.
2022-02-24 10:01:39,154 [Thread-34] INFO  HostProcess - start host http://18.132.17.40:31833 | FormatStringScanRule strength MEDIUM threshold MEDIUM
2022-02-24 10:01:40,670 [Thread-34] INFO  HostProcess - completed host/plugin http://18.132.17.40:31833 | FormatStringScanRule in 1.516s with 0 message(s) sent and 0 alert(s) raised.
2022-02-24 10:01:40,671 [Thread-34] INFO  HostProcess - start host http://18.132.17.40:31833 | CrlfInjectionScanRule strength MEDIUM threshold MEDIUM
2022-02-24 10:01:42,410 [Thread-34] INFO  HostProcess - completed host/plugin http://18.132.17.40:31833 | CrlfInjectionScanRule in 1.739s with 0 message(s) sent and 0 alert(s) raised.
2022-02-24 10:01:42,410 [Thread-34] INFO  HostProcess - start host http://18.132.17.40:31833 | ParameterTamperScanRule strength MEDIUM threshold MEDIUM
2022-02-24 10:01:43,939 [Thread-34] INFO  HostProcess - completed host/plugin http://18.132.17.40:31833 | ParameterTamperScanRule in 1.529s with 0 message(s) sent and 0 alert(s) raised.
2022-02-24 10:01:43,940 [Thread-34] INFO  HostProcess - start host http://18.132.17.40:31833 | ElmahScanRule strength MEDIUM threshold MEDIUM
2022-02-24 10:01:43,953 [Thread-34] INFO  HostProcess - start host http://18.132.17.40:31833 | HtAccessScanRule strength MEDIUM threshold MEDIUM
2022-02-24 10:01:44,104 [ZAP-ActiveScanner-0] INFO  HostProcess - completed host/plugin http://18.132.17.40:31833 | ElmahScanRule in 0.164s with 1 message(s) sent and 0 alert(s) raised.
2022-02-24 10:01:44,883 [Thread-34] INFO  HostProcess - completed host/plugin http://18.132.17.40:31833 | HtAccessScanRule in 0.93s with 3 message(s) sent and 0 alert(s) raised.
2022-02-24 10:01:44,884 [Thread-34] INFO  HostProcess - start host http://18.132.17.40:31833 | ScriptsActiveScanner strength MEDIUM threshold MEDIUM
2022-02-24 10:01:44,887 [Thread-34] INFO  HostProcess - skipped plugin [no scripts enabled] http://18.132.17.40:31833 | ScriptsActiveScanner in 0.003s with 0 message(s) sent and 0 alert(s) raised.
2022-02-24 10:01:44,887 [Thread-34] INFO  HostProcess - start host http://18.132.17.40:31833 | DomXssScanRule strength MEDIUM threshold MEDIUM
2022-02-24 10:01:52,152 [Thread-262] INFO  DomXssScanRule - Reaper thread starting
2022-02-24 10:02:00,378 [HSQLDB Timer @2da72537] INFO  ENGINE - Checkpoint start
2022-02-24 10:02:00,379 [HSQLDB Timer @2da72537] INFO  ENGINE - checkpointClose start
2022-02-24 10:02:00,393 [HSQLDB Timer @2da72537] INFO  ENGINE - checkpointClose synched
2022-02-24 10:02:00,409 [HSQLDB Timer @2da72537] INFO  ENGINE - checkpointClose script done
2022-02-24 10:02:00,410 [HSQLDB Timer @2da72537] INFO  ENGINE - dataFileCache commit start
2022-02-24 10:02:00,690 [HSQLDB Timer @2da72537] INFO  ENGINE - dataFileCache commit end
2022-02-24 10:02:00,733 [HSQLDB Timer @2da72537] INFO  ENGINE - checkpointClose end
2022-02-24 10:02:00,733 [HSQLDB Timer @2da72537] INFO  ENGINE - Checkpoint end - txts: 5595
2022-02-24 10:03:14,090 [ZAP-ActiveScanner-1] ERROR DomXssScanRule - Tried to run command without establishing a connection
Build info: version: 'unknown', revision: 'unknown', time: 'unknown'
System info: host: '3418732bf2b0', ip: '172.17.0.2', os.name: 'Linux', os.arch: 'amd64', os.version: '5.4.0-1060-aws', java.version: '11.0.13'
Driver info: org.openqa.selenium.firefox.FirefoxDriver
Capabilities {acceptInsecureCerts: true, browserName: firefox, browserVersion: 96.0, javascriptEnabled: true, moz:accessibilityChecks: false, moz:buildID: 20220106144528, moz:geckodriverVersion: 0.30.0, moz:headless: true, moz:processID: 2694, moz:profile: /tmp/rust_mozprofilepKOg3P, moz:shutdownTimeout: 60000, moz:useNonSpecCompliantPointerOrigin: false, moz:webdriverClick: true, pageLoadStrategy: normal, platform: LINUX, platformName: LINUX, platformVersion: 5.4.0-1060-aws, proxy: Proxy(), setWindowRect: true, strictFileInteractability: false, timeouts: {implicit: 0, pageLoad: 300000, script: 30000}, unhandledPromptBehavior: ignore}
Session ID: 09400ce7-dd86-46f2-9e41-ed6342c89271
org.openqa.selenium.NoSuchSessionException: Tried to run command without establishing a connection
Build info: version: 'unknown', revision: 'unknown', time: 'unknown'
System info: host: '3418732bf2b0', ip: '172.17.0.2', os.name: 'Linux', os.arch: 'amd64', os.version: '5.4.0-1060-aws', java.version: '11.0.13'
Driver info: org.openqa.selenium.firefox.FirefoxDriver
Capabilities {acceptInsecureCerts: true, browserName: firefox, browserVersion: 96.0, javascriptEnabled: true, moz:accessibilityChecks: false, moz:buildID: 20220106144528, moz:geckodriverVersion: 0.30.0, moz:headless: true, moz:processID: 2694, moz:profile: /tmp/rust_mozprofilepKOg3P, moz:shutdownTimeout: 60000, moz:useNonSpecCompliantPointerOrigin: false, moz:webdriverClick: true, pageLoadStrategy: normal, platform: LINUX, platformName: LINUX, platformVersion: 5.4.0-1060-aws, proxy: Proxy(), setWindowRect: true, strictFileInteractability: false, timeouts: {implicit: 0, pageLoad: 300000, script: 30000}, unhandledPromptBehavior: ignore}
Session ID: 09400ce7-dd86-46f2-9e41-ed6342c89271
	at jdk.internal.reflect.GeneratedConstructorAccessor120.newInstance(Unknown Source) ~[?:?]
	at jdk.internal.reflect.DelegatingConstructorAccessorImpl.newInstance(DelegatingConstructorAccessorImpl.java:45) ~[?:?]
	at java.lang.reflect.Constructor.newInstance(Constructor.java:490) ~[?:?]
	at org.openqa.selenium.remote.http.W3CHttpResponseCodec.createException(W3CHttpResponseCodec.java:187) ~[?:?]
	at org.openqa.selenium.remote.http.W3CHttpResponseCodec.decode(W3CHttpResponseCodec.java:122) ~[?:?]
	at org.openqa.selenium.remote.http.W3CHttpResponseCodec.decode(W3CHttpResponseCodec.java:49) ~[?:?]
	at org.openqa.selenium.remote.HttpCommandExecutor.execute(HttpCommandExecutor.java:158) ~[?:?]
	at org.openqa.selenium.remote.service.DriverCommandExecutor.execute(DriverCommandExecutor.java:83) ~[?:?]
	at org.openqa.selenium.remote.RemoteWebDriver.execute(RemoteWebDriver.java:552) ~[?:?]
	at org.openqa.selenium.remote.RemoteWebDriver.get(RemoteWebDriver.java:277) ~[?:?]
	at org.zaproxy.zap.extension.domxss.DomXssScanRule.returnDriver(DomXssScanRule.java:349) ~[?:?]
	at org.zaproxy.zap.extension.domxss.DomXssScanRule.scan(DomXssScanRule.java:656) ~[?:?]
	at org.parosproxy.paros.core.scanner.AbstractPlugin.run(AbstractPlugin.java:333) [zap-2.11.1.jar:?]
	at java.lang.Thread.run(Thread.java:829) [?:?]
2022-02-24 10:03:25,521 [ZAP-ProxyThread-94] WARN  ProxyThread - Failed to write/forward the HTTP response to the client: java.net.SocketException: Broken pipe (Write failed)
2022-02-24 10:03:26,558 [ZAP-ProxyThread-92] WARN  ProxyThread - Failed to write/forward the HTTP response to the client: java.net.SocketException: Broken pipe (Write failed)
2022-02-24 10:03:27,232 [ZAP-DomXssReaper] ERROR UncaughtExceptionLogger - Exception in thread "ZAP-DomXssReaper"
org.openqa.selenium.NoSuchSessionException: Tried to run command without establishing a connection
Build info: version: 'unknown', revision: 'unknown', time: 'unknown'
System info: host: '3418732bf2b0', ip: '172.17.0.2', os.name: 'Linux', os.arch: 'amd64', os.version: '5.4.0-1060-aws', java.version: '11.0.13'
Driver info: org.openqa.selenium.firefox.FirefoxDriver
Capabilities {acceptInsecureCerts: true, browserName: firefox, browserVersion: 96.0, javascriptEnabled: true, moz:accessibilityChecks: false, moz:buildID: 20220106144528, moz:geckodriverVersion: 0.30.0, moz:headless: true, moz:processID: 2694, moz:profile: /tmp/rust_mozprofilepKOg3P, moz:shutdownTimeout: 60000, moz:useNonSpecCompliantPointerOrigin: false, moz:webdriverClick: true, pageLoadStrategy: normal, platform: LINUX, platformName: LINUX, platformVersion: 5.4.0-1060-aws, proxy: Proxy(), setWindowRect: true, strictFileInteractability: false, timeouts: {implicit: 0, pageLoad: 300000, script: 30000}, unhandledPromptBehavior: ignore}
Session ID: 09400ce7-dd86-46f2-9e41-ed6342c89271
	at jdk.internal.reflect.GeneratedConstructorAccessor120.newInstance(Unknown Source) ~[?:?]
	at jdk.internal.reflect.DelegatingConstructorAccessorImpl.newInstance(DelegatingConstructorAccessorImpl.java:45) ~[?:?]
	at java.lang.reflect.Constructor.newInstance(Constructor.java:490) ~[?:?]
	at org.openqa.selenium.remote.http.W3CHttpResponseCodec.createException(W3CHttpResponseCodec.java:187) ~[?:?]
	at org.openqa.selenium.remote.http.W3CHttpResponseCodec.decode(W3CHttpResponseCodec.java:122) ~[?:?]
	at org.openqa.selenium.remote.http.W3CHttpResponseCodec.decode(W3CHttpResponseCodec.java:49) ~[?:?]
	at org.openqa.selenium.remote.HttpCommandExecutor.execute(HttpCommandExecutor.java:158) ~[?:?]
	at org.openqa.selenium.remote.service.DriverCommandExecutor.execute(DriverCommandExecutor.java:83) ~[?:?]
	at org.openqa.selenium.remote.RemoteWebDriver.execute(RemoteWebDriver.java:552) ~[?:?]
	at org.openqa.selenium.remote.RemoteWebDriver.execute(RemoteWebDriver.java:609) ~[?:?]
	at org.openqa.selenium.remote.RemoteWebDriver.quit(RemoteWebDriver.java:452) ~[?:?]
	at org.zaproxy.zap.extension.domxss.DomXssScanRule.lambda$getWebDriver$1(DomXssScanRule.java:322) ~[?:?]
	at java.lang.Thread.run(Thread.java:829) [?:?]
2022-02-24 10:03:28,247 [ZAP-ProxyThread-102] WARN  ProxyThread - Failed to write/forward the HTTP response to the client: java.net.SocketException: Broken pipe (Write failed)
2022-02-24 10:03:29,299 [ZAP-ProxyThread-103] WARN  ProxyThread - Failed to write/forward the HTTP response to the client: java.net.SocketException: Broken pipe (Write failed)
2022-02-24 10:03:31,561 [ZAP-ProxyThread-105] WARN  ProxyThread - Failed to write/forward the HTTP response to the client: java.net.SocketException: Broken pipe (Write failed)
2022-02-24 10:03:32,209 [HSQLDB Timer @2da72537] INFO  ENGINE - Checkpoint start
2022-02-24 10:03:32,209 [HSQLDB Timer @2da72537] INFO  ENGINE - checkpointClose start
2022-02-24 10:03:32,223 [HSQLDB Timer @2da72537] INFO  ENGINE - checkpointClose synched
2022-02-24 10:03:32,227 [HSQLDB Timer @2da72537] INFO  ENGINE - checkpointClose script done
2022-02-24 10:03:32,227 [HSQLDB Timer @2da72537] INFO  ENGINE - dataFileCache commit start
2022-02-24 10:03:32,364 [HSQLDB Timer @2da72537] INFO  ENGINE - dataFileCache commit end
2022-02-24 10:03:32,415 [HSQLDB Timer @2da72537] INFO  ENGINE - checkpointClose end
2022-02-24 10:03:32,415 [HSQLDB Timer @2da72537] INFO  ENGINE - Checkpoint end - txts: 6206
2022-02-24 10:03:32,419 [ZAP-ProxyThread-106] WARN  ProxyThread - Failed to write/forward the HTTP response to the client: java.net.SocketException: Broken pipe (Write failed)
2022-02-24 10:03:34,583 [ZAP-ProxyThread-107] WARN  ProxyThread - Failed to write/forward the HTTP response to the client: java.net.SocketException: Broken pipe (Write failed)
2022-02-24 10:03:35,465 [ZAP-ProxyThread-108] WARN  ProxyThread - Failed to write/forward the HTTP response to the client: java.net.SocketException: Broken pipe (Write failed)
2022-02-24 10:03:37,489 [ZAP-ProxyThread-111] WARN  ProxyThread - Failed to write/forward the HTTP response to the client: java.net.SocketException: Broken pipe (Write failed)
2022-02-24 10:03:38,957 [ZAP-ProxyThread-109] WARN  ProxyThread - Failed to write/forward the HTTP response to the client: java.net.SocketException: Broken pipe (Write failed)
2022-02-24 10:03:42,669 [Thread-34] INFO  HostProcess - completed host/plugin http://18.132.17.40:31833 | DomXssScanRule in 117.782s with 121 message(s) sent and 0 alert(s) raised.
2022-02-24 10:03:44,880 [Thread-34] INFO  HostProcess - start host http://18.132.17.40:31833 | SOAPActionSpoofingActiveScanRule strength MEDIUM threshold MEDIUM
2022-02-24 10:03:45,451 [Thread-34] INFO  HostProcess - completed host/plugin http://18.132.17.40:31833 | SOAPActionSpoofingActiveScanRule in 0.571s with 0 message(s) sent and 0 alert(s) raised.
2022-02-24 10:03:45,451 [Thread-34] INFO  HostProcess - start host http://18.132.17.40:31833 | SOAPXMLInjectionActiveScanRule strength MEDIUM threshold MEDIUM
2022-02-24 10:03:46,878 [Thread-34] INFO  HostProcess - completed host/plugin http://18.132.17.40:31833 | SOAPXMLInjectionActiveScanRule in 1.427s with 0 message(s) sent and 0 alert(s) raised.
2022-02-24 10:03:46,879 [Thread-34] INFO  HostProcess - completed host http://18.132.17.40:31833 in 161.05s with 0 alert(s) raised.
2022-02-24 10:03:46,879 [Thread-33] INFO  Scanner - scanner completed in 161.074s
2022-02-24 10:04:27,276 [ZAP-PassiveScanner] WARN  PassiveScanThread - Passive Scan rule html_mailto took 201 seconds to scan http://18.132.17.40:31833/static/js/18.f0f8eb75.chunk.js application/javascript 4792206
2022-02-24 10:04:38,007 [ZAP-PassiveScanner] WARN  PassiveScanThread - Passive Scan rule Timestamp Disclosure took 6 seconds to scan http://18.132.17.40:31833/static/js/18.f0f8eb75.chunk.js application/javascript 4792206
2022-02-24 10:06:30,028 [ZAP-PassiveScanner] WARN  PassiveScanThread - Passive Scan rule html_mailto took 107 seconds to scan http://18.132.17.40:31833/static/js/18.f0f8eb75.chunk.js application/javascript 4792206
2022-02-24 10:08:13,933 [ZAP-PassiveScanner] WARN  PassiveScanThread - Passive Scan rule html_mailto took 102 seconds to scan http://18.132.17.40:31833/static/js/18.f0f8eb75.chunk.js application/javascript 4792206
2022-02-24 10:09:55,730 [ZAP-PassiveScanner] WARN  PassiveScanThread - Passive Scan rule html_mailto took 101 seconds to scan http://18.132.17.40:31833/static/js/18.f0f8eb75.chunk.js application/javascript 4792206
2022-02-24 10:11:35,938 [ZAP-PassiveScanner] WARN  PassiveScanThread - Passive Scan rule html_mailto took 96 seconds to scan http://18.132.17.40:31833/static/js/18.f0f8eb75.chunk.js application/javascript 4792206
2022-02-24 10:13:18,003 [ZAP-PassiveScanner] WARN  PassiveScanThread - Passive Scan rule html_mailto took 97 seconds to scan http://18.132.17.40:31833/static/js/18.f0f8eb75.chunk.js?name=abc application/javascript 4792206
